


RUNNING SCRIPT: job_codet5p_50epoch.sh
Mon Nov 27 18:59:48 2023       
+---------------------------------------------------------------------------------------+
| NVIDIA-SMI 530.30.02              Driver Version: 530.30.02    CUDA Version: 12.1     |
|-----------------------------------------+----------------------+----------------------+
| GPU  Name                  Persistence-M| Bus-Id        Disp.A | Volatile Uncorr. ECC |
| Fan  Temp  Perf            Pwr:Usage/Cap|         Memory-Usage | GPU-Util  Compute M. |
|                                         |                      |               MIG M. |
|=========================================+======================+======================|
|   0  NVIDIA GeForce RTX 3090         On | 00000000:61:00.0 Off |                  N/A |
| 30%   26C    P8               19W / 350W|      1MiB / 24576MiB |      0%      Default |
|                                         |                      |                  N/A |
+-----------------------------------------+----------------------+----------------------+
                                                                                         
+---------------------------------------------------------------------------------------+
| Processes:                                                                            |
|  GPU   GI   CI        PID   Type   Process name                            GPU Memory |
|        ID   ID                                                             Usage      |
|=======================================================================================|
|  No running processes found                                                           |
+---------------------------------------------------------------------------------------+
nvcc: NVIDIA (R) Cuda compiler driver
Copyright (c) 2005-2022 NVIDIA Corporation
Built on Wed_Jun__8_16:49:14_PDT_2022
Cuda compilation tools, release 11.7, V11.7.99
Build cuda_11.7.r11.7/compiler.31442593_0
11/27/2023 18:59:59 - INFO - __main__ -   Namespace(adam_epsilon=1e-08, beam_size=5, config_name='Salesforce/codet5p-220m', dev_filename='/home/ysnamgoong42/ws/BANKWAREGLOBAL/#WORKSPACE/4_2023-11-24_CodeBase/dataset/valid.java,/home/ysnamgoong42/ws/BANKWAREGLOBAL/#WORKSPACE/4_2023-11-24_CodeBase/dataset/valid.txt', do_eval=True, do_lower_case=False, do_test=False, do_train=True, eval_batch_size=16, eval_steps=2500, gradient_accumulation_steps=1, learning_rate=5e-05, load_model_path=None, local_rank=-1, max_grad_norm=1.0, max_source_length=512, max_steps=-1, max_target_length=128, model_name_or_path='Salesforce/codet5p-220m', model_type='codet5p', no_cuda=False, num_train_epochs=50.0, output_dir='/home/ysnamgoong42/ws/BANKWAREGLOBAL/#WORKSPACE/4_2023-11-24_CodeBase/saved_models/Salesforce/codet5p-220m', seed=42, test_filename=None, tokenizer_name='Salesforce/codet5p-220m', train_batch_size=16, train_filename='/home/ysnamgoong42/ws/BANKWAREGLOBAL/#WORKSPACE/4_2023-11-24_CodeBase/dataset/train.java,/home/ysnamgoong42/ws/BANKWAREGLOBAL/#WORKSPACE/4_2023-11-24_CodeBase/dataset/train.txt', train_steps=5000, warmup_steps=0, weight_decay=0.0)
11/27/2023 18:59:59 - WARNING - __main__ -   Process rank: -1, device: cuda, n_gpu: 1, distributed training: False
Token indices sequence length is longer than the specified maximum sequence length for this model (898 > 512). Running this sequence through the model will result in indexing errors
11/27/2023 19:00:04 - INFO - __main__ -   *** Example ***
11/27/2023 19:00:04 - INFO - __main__ -   idx: 0
11/27/2023 19:00:04 - INFO - __main__ -   source_tokens: ['<s>', 'public', '_void', '_save', 'Sub', 'Info', '(', 'I', 'Value', 'Object', '_sub', 'Info', '_,', '_St', 'St', 'l', 'mnt', 'SI', 'O', '_st', 'St', 'l', 'mnt', 'SI', 'O', 'In', ')', '_{', '_logger', '.', 'debug', '("', '##', '<', 'ST', '-', 'St', 'l', 'mnt', 'Sub', 'Info', 'B', 'iz', '>', '_save', 'Sub', 'Info', '");', '_//', '_null', '_check', '_if', '(', 'sub', 'Info', '_==', '_null', '){', '_throw', '_new', '_B', 'iz', 'Application', 'Exception', '("', 'A', 'AP', 'C', 'ME', '000', '6', '",', '_new', '_Object', '[]', '_{', 'this', '.', 'get', 'Class', '().', 'get', 'Simple', 'Name', '()}', ');', '_}', '_logger', '.', 'debug', '("', '##', '<', 'ST', '-', 'St', 'l', 'mnt', 'Sub', 'Info', 'B', 'iz', '>', '_save', 'Sub', 'Info', '_null', '_check', '_ok', '");', '_//', '_1', '.', 'create', '_a', '_new', '_instance', '_of', '_DB', '_IO', '_I', 'Value', 'Object', '_sub', 'Info', 'DB', 'IO', '_=', '_new', '_St', 'St', 'l', 'mnt', 'SI', 'O', '();', '_//', '_2', '.', 'set', '_primary', '_key', '__', 'set', 'Key', '(', 'sub', 'Info', 'DB', 'IO', ',', '_st', 'St', 'l', 'mnt', 'SI', 'O', 'In', ');', '_//', '_3', '.', 'convert', '_I', 'value', 'Object', '_to', '_DB', 'IO', '_V', 'O', '_D', 'to', 'Utils', '.', 'set', 'Sub', 'Info', 'IO', '(', 'sub', 'Info', ',', '_sub', 'Info', 'DB', 'IO', ');', '_//', '_4', '.', 'save', '_sub', 'sid', 'i', 'ary', '_detail', '(', 'ë', '³', '´', 'ì', '¡', '°', 'ë', 'ª', 'ħ', 'ì', 'Ħ', '¸', ')', '__', 'insert', 'Sub', 'Info', '(', 'sub', 'Info', 'DB', 'IO', ');', '_/*', '_*', '_sett', 'lement', 'ë', 'Ĭ', 'Ķ', '_', 'ì', 'Ĩ', 'į', 'ì', 'Ħ', '±', 'ì', 'Ŀ', 'Ħ', '_', 'ë', 'Į', 'Ģ', 'ë', '¶', 'Ģ', 'ë', '¶', 'Ħ', '_insert', '_', 'í', 'ķ', 'ĺ', 'ë', 'Ĭ', 'Ķ', '_', 'ê', '²', '½', 'ì', 'ļ', '°', 'ì', 'Ŀ', '´', 'ë', '¯', 'Ģ', 'ë', '¡', 'ľ', '_', 'ì', 'ķ', 'Ħ', 'ë', 'ŀ', 'ĺ', '_', 'ë', '¡', 'ľ', 'ì', '§', 'ģ', 'ì', 'Ŀ', 'Ħ', '_', 'ë', '§', 'ī', 'ì', 'Ŀ', 'Į', '_*/', '_//', '_I', 'Value', 'Object', '_sql', 'Out', '_=', '_getSub', 'Info', '(', 'st', 'l', 'mnt', ');', '_//', '_//', '_//', '_', 'í', 'ķ', '´', 'ë', 'ĭ', '¹', '_', 'ê', '±', '°', 'ë', 'ŀ', 'ĺ', 'ê', '´', 'Ģ', 'ë', 'ł', '¨', '_', 'ë', '³', '´', 'ì', '¡', '°', 'ë', 'ª', 'ħ', 'ì', 'Ħ', '¸', '_', 'ë', 'į', '°', 'ì', 'Ŀ', '´', 'í', 'Ħ', '°', 'ê', '°', 'Ģ', '_', 'ì', 'Ĺ', 'Ĩ', 'ì', 'Ŀ', 'Ħ', '_', 'ë', 'ķ', 'Į', '_//', '_if', '(', 'sql', 'Out', '_==', '_null', ')', '_{', '_//', '__', 'insert', 'Sub', 'Info', '(', 'sub', 'Info', 'DB', 'IO', ');', '_//', '_//', '_', 'ë', '§', '´', 'ë', '²', 'Ħ', 'ë', '³', 'Ģ', 'ì', 'Ī', 'ĺ', '_V', 'O', '_', 'ê', '°', 'Ĵ', '_', 'ì', 'Ħ', '¤', 'ì', 'ł', 'ķ', '_//', '_St', 'l', 'mnt', '.', 'set', 'St', 'l', 'mnt', 'Sub', 'Info', '(', 'sub', 'Info', ');', '_//', '_//', '_}', 'else', '_{', '_//', '_//', '_', 'ê', '¸', '°', '_', 'ì', '¡', '°', 'í', 'ļ', 'Į', '_', 'ë', 'Ĳ', 'ľ', '_', 'ê', '°', 'Ĵ', 'ì', 'Ĺ', 'Ĳ', '_update', 'ë', 'Ĳ', 'ĺ', 'ì', 'ĸ', '´', 'í', 'ķ', 'ł', '_', 'í', 'ķ', 'Ħ', 'ë', 'ĵ', 'ľ', '_', 'ì', 'Ħ', '¤', 'ì', 'ł', 'ķ', '_//', '_D', 'to', 'Utils', '.', 'set', 'Sub', 'Info', 'IO', '(', 'sub', 'Info', ',', '_sql', 'Out', ');', '_//', '_//', '_DB', 'IO', '_IO', 'ì', 'Ĺ', 'Ĳ', '</s>']
11/27/2023 19:00:04 - INFO - __main__ -   source_ids: 1 482 918 1923 1676 966 12 45 620 921 720 966 269 934 510 80 21818 2320 51 384 510 80 21818 2320 51 382 13 288 1194 18 4148 2932 1189 32 882 17 510 80 21818 1676 966 38 452 34 1923 1676 966 8863 368 446 866 309 12 1717 966 422 446 15329 604 394 605 452 3208 503 2932 37 2203 39 958 3784 26 3113 394 1033 8526 288 2211 18 588 797 7675 588 5784 461 17767 1769 289 1194 18 4148 2932 1189 32 882 17 510 80 21818 1676 966 38 452 34 1923 1676 966 446 866 1529 8863 368 404 18 2640 279 394 791 434 2383 1665 467 620 921 720 966 2290 4294 273 394 934 510 80 21818 2320 51 5621 368 576 18 542 3354 498 389 542 653 12 1717 966 2290 4294 16 384 510 80 21818 2320 51 382 1769 368 890 18 6283 467 1132 921 358 2383 4294 776 51 463 869 1989 18 542 1676 966 4294 12 1717 966 16 720 966 2290 4294 1769 368 1059 18 5688 720 7453 77 814 7664 12 172 116 117 173 99 113 172 108 232 173 231 121 13 389 6387 1676 966 12 1717 966 2290 4294 1769 1748 380 26319 806 172 237 247 225 173 233 240 173 231 114 173 256 231 225 172 239 227 172 119 227 172 119 231 2243 225 174 248 251 172 237 247 225 171 115 126 173 253 113 173 256 117 172 112 227 172 99 255 225 173 248 231 172 257 251 225 172 99 255 173 105 228 173 256 231 225 172 105 236 173 256 239 1195 368 467 620 921 1847 1182 273 7040 966 12 334 80 21818 1769 368 368 368 225 174 248 117 172 238 122 225 171 114 113 172 257 251 171 117 227 172 259 106 225 172 116 117 173 99 113 172 108 232 173 231 121 225 172 240 113 173 256 117 174 231 113 171 113 227 225 173 250 233 173 256 231 225 172 248 239 368 309 12 4669 1182 422 446 13 288 368 389 6387 1676 966 12 1717 966 2290 4294 1769 368 368 225 172 105 117 172 115 231 172 116 227 173 235 251 776 51 225 171 113 245 225 173 231 102 173 259 248 368 934 80 21818 18 542 510 80 21818 1676 966 12 1717 966 1769 368 368 289 12107 288 368 368 225 171 121 113 225 173 99 113 174 253 239 225 172 243 255 225 171 113 245 173 250 243 1089 172 243 251 173 249 117 174 248 259 225 174 248 231 172 246 255 225 173 231 102 173 259 248 368 463 869 1989 18 542 1676 966 4294 12 1717 966 16 1847 1182 1769 368 368 2383 4294 1665 173 250 243 2
11/27/2023 19:00:04 - INFO - __main__ -   source_mask: 1 1 1 1 1 1 1 1 1 1 1 1 1 1 1 1 1 1 1 1 1 1 1 1 1 1 1 1 1 1 1 1 1 1 1 1 1 1 1 1 1 1 1 1 1 1 1 1 1 1 1 1 1 1 1 1 1 1 1 1 1 1 1 1 1 1 1 1 1 1 1 1 1 1 1 1 1 1 1 1 1 1 1 1 1 1 1 1 1 1 1 1 1 1 1 1 1 1 1 1 1 1 1 1 1 1 1 1 1 1 1 1 1 1 1 1 1 1 1 1 1 1 1 1 1 1 1 1 1 1 1 1 1 1 1 1 1 1 1 1 1 1 1 1 1 1 1 1 1 1 1 1 1 1 1 1 1 1 1 1 1 1 1 1 1 1 1 1 1 1 1 1 1 1 1 1 1 1 1 1 1 1 1 1 1 1 1 1 1 1 1 1 1 1 1 1 1 1 1 1 1 1 1 1 1 1 1 1 1 1 1 1 1 1 1 1 1 1 1 1 1 1 1 1 1 1 1 1 1 1 1 1 1 1 1 1 1 1 1 1 1 1 1 1 1 1 1 1 1 1 1 1 1 1 1 1 1 1 1 1 1 1 1 1 1 1 1 1 1 1 1 1 1 1 1 1 1 1 1 1 1 1 1 1 1 1 1 1 1 1 1 1 1 1 1 1 1 1 1 1 1 1 1 1 1 1 1 1 1 1 1 1 1 1 1 1 1 1 1 1 1 1 1 1 1 1 1 1 1 1 1 1 1 1 1 1 1 1 1 1 1 1 1 1 1 1 1 1 1 1 1 1 1 1 1 1 1 1 1 1 1 1 1 1 1 1 1 1 1 1 1 1 1 1 1 1 1 1 1 1 1 1 1 1 1 1 1 1 1 1 1 1 1 1 1 1 1 1 1 1 1 1 1 1 1 1 1 1 1 1 1 1 1 1 1 1 1 1 1 1 1 1 1 1 1 1 1 1 1 1 1 1 1 1 1 1 1 1 1 1 1 1 1 1 1 1 1 1 1 1 1 1 1 1 1 1 1 1 1 1 1 1 1 1 1 1 1 1 1 1 1 1 1 1 1 1 1 1 1 1 1 1 1 1 1 1 1 1 1 1 1 1 1 1 1 1 1 1 1 1 1 1 1 1 1 1 1 1 1 1 1 1
11/27/2023 19:00:04 - INFO - __main__ -   target_tokens: ['<s>', 'Save', '_an', '_app', 'ra', 'is', 'al', '_prefer', 'ential', '_claim', '_sub', 'sid', 'i', 'ary', '_information', '.', '</s>']
11/27/2023 19:00:04 - INFO - __main__ -   target_ids: 1 4755 392 595 354 291 287 13256 2001 7516 720 7453 77 814 1779 18 2 0 0 0 0 0 0 0 0 0 0 0 0 0 0 0 0 0 0 0 0 0 0 0 0 0 0 0 0 0 0 0 0 0 0 0 0 0 0 0 0 0 0 0 0 0 0 0 0 0 0 0 0 0 0 0 0 0 0 0 0 0 0 0 0 0 0 0 0 0 0 0 0 0 0 0 0 0 0 0 0 0 0 0 0 0 0 0 0 0 0 0 0 0 0 0 0 0 0 0 0 0 0 0 0 0 0 0 0 0 0 0
11/27/2023 19:00:04 - INFO - __main__ -   target_mask: 1 1 1 1 1 1 1 1 1 1 1 1 1 1 1 1 1 0 0 0 0 0 0 0 0 0 0 0 0 0 0 0 0 0 0 0 0 0 0 0 0 0 0 0 0 0 0 0 0 0 0 0 0 0 0 0 0 0 0 0 0 0 0 0 0 0 0 0 0 0 0 0 0 0 0 0 0 0 0 0 0 0 0 0 0 0 0 0 0 0 0 0 0 0 0 0 0 0 0 0 0 0 0 0 0 0 0 0 0 0 0 0 0 0 0 0 0 0 0 0 0 0 0 0 0 0 0 0
11/27/2023 19:00:04 - INFO - __main__ -   *** Example ***
11/27/2023 19:00:04 - INFO - __main__ -   idx: 1
11/27/2023 19:00:04 - INFO - __main__ -   source_tokens: ['<s>', 'public', '_Map', '<', 'String', ',', '_String', '>', '_getMap', 'Sub', 'Info', '(', 'Arr', 'Real', 'Core', '_arr', 'Real', ')', '_throws', '_B', 'iz', 'Application', 'Exception', '_{', '_return', '__', 'get', 'Arr', 'Sub', 'Info', 'B', 'iz', '().', 'get', 'Map', 'Sub', 'Info', '((', 'Arr', 'Real', 'Impl', ')', '_arr', 'Real', ');', '_}', '</s>']
11/27/2023 19:00:04 - INFO - __main__ -   source_ids: 1 482 1635 32 780 16 514 34 15489 1676 966 12 5715 6955 4670 2454 6955 13 1216 605 452 3208 503 288 327 389 588 5715 1676 966 38 452 7675 588 863 1676 966 12443 5715 6955 2828 13 2454 6955 1769 289 2 0 0 0 0 0 0 0 0 0 0 0 0 0 0 0 0 0 0 0 0 0 0 0 0 0 0 0 0 0 0 0 0 0 0 0 0 0 0 0 0 0 0 0 0 0 0 0 0 0 0 0 0 0 0 0 0 0 0 0 0 0 0 0 0 0 0 0 0 0 0 0 0 0 0 0 0 0 0 0 0 0 0 0 0 0 0 0 0 0 0 0 0 0 0 0 0 0 0 0 0 0 0 0 0 0 0 0 0 0 0 0 0 0 0 0 0 0 0 0 0 0 0 0 0 0 0 0 0 0 0 0 0 0 0 0 0 0 0 0 0 0 0 0 0 0 0 0 0 0 0 0 0 0 0 0 0 0 0 0 0 0 0 0 0 0 0 0 0 0 0 0 0 0 0 0 0 0 0 0 0 0 0 0 0 0 0 0 0 0 0 0 0 0 0 0 0 0 0 0 0 0 0 0 0 0 0 0 0 0 0 0 0 0 0 0 0 0 0 0 0 0 0 0 0 0 0 0 0 0 0 0 0 0 0 0 0 0 0 0 0 0 0 0 0 0 0 0 0 0 0 0 0 0 0 0 0 0 0 0 0 0 0 0 0 0 0 0 0 0 0 0 0 0 0 0 0 0 0 0 0 0 0 0 0 0 0 0 0 0 0 0 0 0 0 0 0 0 0 0 0 0 0 0 0 0 0 0 0 0 0 0 0 0 0 0 0 0 0 0 0 0 0 0 0 0 0 0 0 0 0 0 0 0 0 0 0 0 0 0 0 0 0 0 0 0 0 0 0 0 0 0 0 0 0 0 0 0 0 0 0 0 0 0 0 0 0 0 0 0 0 0 0 0 0 0 0 0 0 0 0 0 0 0 0 0 0 0 0 0 0 0 0 0 0 0 0 0 0 0 0 0 0 0 0 0 0 0 0 0 0 0 0 0 0 0 0 0 0 0 0 0 0 0 0 0 0 0 0 0 0 0 0 0 0 0 0 0 0 0 0 0 0 0 0 0 0 0 0 0 0 0 0 0 0 0 0 0 0 0 0 0 0 0 0 0
11/27/2023 19:00:04 - INFO - __main__ -   source_mask: 1 1 1 1 1 1 1 1 1 1 1 1 1 1 1 1 1 1 1 1 1 1 1 1 1 1 1 1 1 1 1 1 1 1 1 1 1 1 1 1 1 1 1 1 1 1 1 0 0 0 0 0 0 0 0 0 0 0 0 0 0 0 0 0 0 0 0 0 0 0 0 0 0 0 0 0 0 0 0 0 0 0 0 0 0 0 0 0 0 0 0 0 0 0 0 0 0 0 0 0 0 0 0 0 0 0 0 0 0 0 0 0 0 0 0 0 0 0 0 0 0 0 0 0 0 0 0 0 0 0 0 0 0 0 0 0 0 0 0 0 0 0 0 0 0 0 0 0 0 0 0 0 0 0 0 0 0 0 0 0 0 0 0 0 0 0 0 0 0 0 0 0 0 0 0 0 0 0 0 0 0 0 0 0 0 0 0 0 0 0 0 0 0 0 0 0 0 0 0 0 0 0 0 0 0 0 0 0 0 0 0 0 0 0 0 0 0 0 0 0 0 0 0 0 0 0 0 0 0 0 0 0 0 0 0 0 0 0 0 0 0 0 0 0 0 0 0 0 0 0 0 0 0 0 0 0 0 0 0 0 0 0 0 0 0 0 0 0 0 0 0 0 0 0 0 0 0 0 0 0 0 0 0 0 0 0 0 0 0 0 0 0 0 0 0 0 0 0 0 0 0 0 0 0 0 0 0 0 0 0 0 0 0 0 0 0 0 0 0 0 0 0 0 0 0 0 0 0 0 0 0 0 0 0 0 0 0 0 0 0 0 0 0 0 0 0 0 0 0 0 0 0 0 0 0 0 0 0 0 0 0 0 0 0 0 0 0 0 0 0 0 0 0 0 0 0 0 0 0 0 0 0 0 0 0 0 0 0 0 0 0 0 0 0 0 0 0 0 0 0 0 0 0 0 0 0 0 0 0 0 0 0 0 0 0 0 0 0 0 0 0 0 0 0 0 0 0 0 0 0 0 0 0 0 0 0 0 0 0 0 0 0 0 0 0 0 0 0 0 0 0 0 0 0 0 0 0 0 0 0 0 0 0 0 0 0 0 0 0 0 0 0 0 0 0 0 0 0 0 0 0 0 0 0 0 0 0 0 0 0 0 0 0 0 0 0 0 0 0 0 0 0 0 0 0 0 0 0 0 0 0 0
11/27/2023 19:00:04 - INFO - __main__ -   target_tokens: ['<s>', 'In', 'quire', '_all', '_sub', 'sid', 'i', 'ary', '_information', '_of', '_the', '_asset', '_thing', '_as', '_a', '_map', '.', '</s>']
11/27/2023 19:00:04 - INFO - __main__ -   target_ids: 1 382 1039 777 720 7453 77 814 1779 434 326 3310 7757 487 279 852 18 2 0 0 0 0 0 0 0 0 0 0 0 0 0 0 0 0 0 0 0 0 0 0 0 0 0 0 0 0 0 0 0 0 0 0 0 0 0 0 0 0 0 0 0 0 0 0 0 0 0 0 0 0 0 0 0 0 0 0 0 0 0 0 0 0 0 0 0 0 0 0 0 0 0 0 0 0 0 0 0 0 0 0 0 0 0 0 0 0 0 0 0 0 0 0 0 0 0 0 0 0 0 0 0 0 0 0 0 0 0 0
11/27/2023 19:00:04 - INFO - __main__ -   target_mask: 1 1 1 1 1 1 1 1 1 1 1 1 1 1 1 1 1 1 0 0 0 0 0 0 0 0 0 0 0 0 0 0 0 0 0 0 0 0 0 0 0 0 0 0 0 0 0 0 0 0 0 0 0 0 0 0 0 0 0 0 0 0 0 0 0 0 0 0 0 0 0 0 0 0 0 0 0 0 0 0 0 0 0 0 0 0 0 0 0 0 0 0 0 0 0 0 0 0 0 0 0 0 0 0 0 0 0 0 0 0 0 0 0 0 0 0 0 0 0 0 0 0 0 0 0 0 0 0
11/27/2023 19:00:04 - INFO - __main__ -   *** Example ***
11/27/2023 19:00:04 - INFO - __main__ -   idx: 2
11/27/2023 19:00:04 - INFO - __main__ -   source_tokens: ['<s>', 'public', '_C', 'ust', 'Check', 'P', 'wd', 'Out', '_check', 'Password', '(', 'String', '_lo', 'in', 'Id', 'N', 'br', ',', '_String', '_ps', 'wd', ',', '_String', '_lo', 'in', 'T', 'p', 'Cd', ')', '_throws', '_B', 'iz', 'Application', 'Exception', '_{', '_if', '_(', 'String', 'Utils', '.', 'is', 'Empty', '(', 'ps', 'wd', '))', '_{', '_throw', '_new', '_B', 'iz', 'Application', 'Exception', '("', 'A', 'AP', 'C', 'ME', '000', '6', '",', '_new', '_String', '[]', '_{"', '@', 'ps', 'wd', '"', '});', '_}', '_if', '_(', 'String', 'Utils', '.', 'is', 'Empty', '(', 'lo', 'in', 'Id', 'N', 'br', '))', '_{', '_return', '__', 'get', 'C', 'ust', 'R', 'pr', 'sn', 'L', 'oin', 'Info', 'B', 'iz', '().', 'check', 'Password', '(', 'get', 'C', 'ust', 'R', 'pr', 'sn', 'Basic', 'Info', '(),', '_getC', 'ust', 'R', 'pr', 'sn', 'Login', 'Info', '(', 'get', 'C', 'ust', 'R', 'pr', 'sn', 'Basic', 'Info', '().', 'get', 'L', 'oin', 'Id', 'N', 'br', '()', '),', '_ps', 'wd', ',', '_lo', 'in', 'T', 'p', 'Cd', ',', '_get', 'Actor', 'Core', '().', 'get', 'List', 'Actor', 'Info', 'M', 'gmt', 'Item', '());', '_}', '_else', '_{', '_return', '__', 'get', 'C', 'ust', 'R', 'pr', 'sn', 'L', 'oin', 'Info', 'B', 'iz', '().', 'check', 'Password', '(', 'get', 'C', 'ust', 'R', 'pr', 'sn', 'Basic', 'Info', '(),', '_getC', 'ust', 'R', 'pr', 'sn', 'Login', 'Info', '(', 'lo', 'in', 'Id', 'N', 'br', '),', '_ps', 'wd', ',', '_lo', 'in', 'T', 'p', 'Cd', ',', '_get', 'Actor', 'Core', '().', 'get', 'List', 'Actor', 'Info', 'M', 'gmt', 'Item', '());', '_}', '_}', '</s>']
11/27/2023 19:00:04 - INFO - __main__ -   source_ids: 1 482 385 641 1564 52 3623 1182 866 3913 12 780 437 267 548 50 2848 16 514 4250 3623 16 514 437 267 56 84 19728 13 1216 605 452 3208 503 288 309 261 780 1989 18 291 1921 12 1121 3623 3719 288 604 394 605 452 3208 503 2932 37 2203 39 958 3784 26 3113 394 514 8526 12528 36 1121 3623 6 22938 289 309 261 780 1989 18 291 1921 12 383 267 548 50 2848 3719 288 327 389 588 39 641 54 683 8134 48 885 966 38 452 7675 1893 3913 12 588 39 641 54 683 8134 8252 966 9334 1927 641 54 683 8134 5358 966 12 588 39 641 54 683 8134 8252 966 7675 588 48 885 548 50 2848 1435 3631 4250 3623 16 437 267 56 84 19728 16 336 17876 4670 7675 588 682 17876 966 49 7714 1180 10663 289 469 288 327 389 588 39 641 54 683 8134 48 885 966 38 452 7675 1893 3913 12 588 39 641 54 683 8134 8252 966 9334 1927 641 54 683 8134 5358 966 12 383 267 548 50 2848 3631 4250 3623 16 437 267 56 84 19728 16 336 17876 4670 7675 588 682 17876 966 49 7714 1180 10663 289 289 2 0 0 0 0 0 0 0 0 0 0 0 0 0 0 0 0 0 0 0 0 0 0 0 0 0 0 0 0 0 0 0 0 0 0 0 0 0 0 0 0 0 0 0 0 0 0 0 0 0 0 0 0 0 0 0 0 0 0 0 0 0 0 0 0 0 0 0 0 0 0 0 0 0 0 0 0 0 0 0 0 0 0 0 0 0 0 0 0 0 0 0 0 0 0 0 0 0 0 0 0 0 0 0 0 0 0 0 0 0 0 0 0 0 0 0 0 0 0 0 0 0 0 0 0 0 0 0 0 0 0 0 0 0 0 0 0 0 0 0 0 0 0 0 0 0 0 0 0 0 0 0 0 0 0 0 0 0 0 0 0 0 0 0 0 0 0 0 0 0 0 0 0 0 0 0 0 0 0 0 0 0 0 0 0 0 0 0 0 0 0 0 0 0 0 0 0 0 0 0 0 0 0 0 0 0 0 0 0 0 0 0 0 0 0 0 0 0 0 0 0 0 0 0 0 0 0 0 0 0 0 0 0 0 0 0 0 0 0 0 0 0 0 0 0 0 0 0 0 0 0 0 0 0 0 0 0 0 0 0 0 0 0 0 0 0 0 0 0 0 0 0 0 0 0 0 0 0 0 0 0 0 0 0 0 0 0 0
11/27/2023 19:00:04 - INFO - __main__ -   source_mask: 1 1 1 1 1 1 1 1 1 1 1 1 1 1 1 1 1 1 1 1 1 1 1 1 1 1 1 1 1 1 1 1 1 1 1 1 1 1 1 1 1 1 1 1 1 1 1 1 1 1 1 1 1 1 1 1 1 1 1 1 1 1 1 1 1 1 1 1 1 1 1 1 1 1 1 1 1 1 1 1 1 1 1 1 1 1 1 1 1 1 1 1 1 1 1 1 1 1 1 1 1 1 1 1 1 1 1 1 1 1 1 1 1 1 1 1 1 1 1 1 1 1 1 1 1 1 1 1 1 1 1 1 1 1 1 1 1 1 1 1 1 1 1 1 1 1 1 1 1 1 1 1 1 1 1 1 1 1 1 1 1 1 1 1 1 1 1 1 1 1 1 1 1 1 1 1 1 1 1 1 1 1 1 1 1 1 1 1 1 1 1 1 1 1 1 1 1 1 1 1 1 1 1 1 1 1 1 1 1 1 1 1 1 1 1 1 1 1 1 1 1 1 1 1 1 0 0 0 0 0 0 0 0 0 0 0 0 0 0 0 0 0 0 0 0 0 0 0 0 0 0 0 0 0 0 0 0 0 0 0 0 0 0 0 0 0 0 0 0 0 0 0 0 0 0 0 0 0 0 0 0 0 0 0 0 0 0 0 0 0 0 0 0 0 0 0 0 0 0 0 0 0 0 0 0 0 0 0 0 0 0 0 0 0 0 0 0 0 0 0 0 0 0 0 0 0 0 0 0 0 0 0 0 0 0 0 0 0 0 0 0 0 0 0 0 0 0 0 0 0 0 0 0 0 0 0 0 0 0 0 0 0 0 0 0 0 0 0 0 0 0 0 0 0 0 0 0 0 0 0 0 0 0 0 0 0 0 0 0 0 0 0 0 0 0 0 0 0 0 0 0 0 0 0 0 0 0 0 0 0 0 0 0 0 0 0 0 0 0 0 0 0 0 0 0 0 0 0 0 0 0 0 0 0 0 0 0 0 0 0 0 0 0 0 0 0 0 0 0 0 0 0 0 0 0 0 0 0 0 0 0 0 0 0 0 0 0 0 0 0 0 0 0 0 0 0 0 0 0 0 0 0 0 0 0 0 0 0 0 0 0 0 0 0 0 0 0 0 0 0 0 0 0 0 0 0 0 0 0 0 0 0
11/27/2023 19:00:04 - INFO - __main__ -   target_tokens: ['<s>', 'It', '_checks', '_if', '_the', '_input', '_password', '_equals', '_with', '_the', '_registered', '_password', '_of', '_the', '_input', '_login', '_information', '.', '</s>']
11/27/2023 19:00:04 - INFO - __main__ -   target_ids: 1 7193 4271 309 326 810 2201 1606 598 326 4104 2201 434 326 810 3925 1779 18 2 0 0 0 0 0 0 0 0 0 0 0 0 0 0 0 0 0 0 0 0 0 0 0 0 0 0 0 0 0 0 0 0 0 0 0 0 0 0 0 0 0 0 0 0 0 0 0 0 0 0 0 0 0 0 0 0 0 0 0 0 0 0 0 0 0 0 0 0 0 0 0 0 0 0 0 0 0 0 0 0 0 0 0 0 0 0 0 0 0 0 0 0 0 0 0 0 0 0 0 0 0 0 0 0 0 0 0 0 0
11/27/2023 19:00:04 - INFO - __main__ -   target_mask: 1 1 1 1 1 1 1 1 1 1 1 1 1 1 1 1 1 1 1 0 0 0 0 0 0 0 0 0 0 0 0 0 0 0 0 0 0 0 0 0 0 0 0 0 0 0 0 0 0 0 0 0 0 0 0 0 0 0 0 0 0 0 0 0 0 0 0 0 0 0 0 0 0 0 0 0 0 0 0 0 0 0 0 0 0 0 0 0 0 0 0 0 0 0 0 0 0 0 0 0 0 0 0 0 0 0 0 0 0 0 0 0 0 0 0 0 0 0 0 0 0 0 0 0 0 0 0 0
11/27/2023 19:00:04 - INFO - __main__ -   *** Example ***
11/27/2023 19:00:04 - INFO - __main__ -   idx: 3
11/27/2023 19:00:04 - INFO - __main__ -   source_tokens: ['<s>', 'public', '_Ca', 'St', 'aff', 'Role', 'M', 'gmt', 'Svc', 'St', 'aff', 'Role', 'In', '_clone', '()', '{', '_try', '{', '_Ca', 'St', 'aff', 'Role', 'M', 'gmt', 'Svc', 'St', 'aff', 'Role', 'In', '_object', '=', '_(', 'Ca', 'St', 'aff', 'Role', 'M', 'gmt', 'Svc', 'St', 'aff', 'Role', 'In', ')', 'super', '.', 'clone', '();', '_return', '_object', ';', '_}', '_catch', '(', 'Clone', 'NotSupportedException', '_e', '){', '_throw', '_new', '_bx', 'm', '.', 'om', 'm', '.', 'exception', '.', 'Clone', 'FailedException', '();', '_}', '_}', '</s>']
11/27/2023 19:00:04 - INFO - __main__ -   source_ids: 1 482 23318 510 7329 2996 49 7714 17444 510 7329 2996 382 3236 1435 95 775 95 23318 510 7329 2996 49 7714 17444 510 7329 2996 382 733 33 261 23508 510 7329 2996 49 7714 17444 510 7329 2996 382 13 9565 18 14056 5621 327 733 31 289 1044 12 10930 25482 425 15329 604 394 24356 81 18 362 81 18 4064 18 10930 12417 5621 289 289 2 0 0 0 0 0 0 0 0 0 0 0 0 0 0 0 0 0 0 0 0 0 0 0 0 0 0 0 0 0 0 0 0 0 0 0 0 0 0 0 0 0 0 0 0 0 0 0 0 0 0 0 0 0 0 0 0 0 0 0 0 0 0 0 0 0 0 0 0 0 0 0 0 0 0 0 0 0 0 0 0 0 0 0 0 0 0 0 0 0 0 0 0 0 0 0 0 0 0 0 0 0 0 0 0 0 0 0 0 0 0 0 0 0 0 0 0 0 0 0 0 0 0 0 0 0 0 0 0 0 0 0 0 0 0 0 0 0 0 0 0 0 0 0 0 0 0 0 0 0 0 0 0 0 0 0 0 0 0 0 0 0 0 0 0 0 0 0 0 0 0 0 0 0 0 0 0 0 0 0 0 0 0 0 0 0 0 0 0 0 0 0 0 0 0 0 0 0 0 0 0 0 0 0 0 0 0 0 0 0 0 0 0 0 0 0 0 0 0 0 0 0 0 0 0 0 0 0 0 0 0 0 0 0 0 0 0 0 0 0 0 0 0 0 0 0 0 0 0 0 0 0 0 0 0 0 0 0 0 0 0 0 0 0 0 0 0 0 0 0 0 0 0 0 0 0 0 0 0 0 0 0 0 0 0 0 0 0 0 0 0 0 0 0 0 0 0 0 0 0 0 0 0 0 0 0 0 0 0 0 0 0 0 0 0 0 0 0 0 0 0 0 0 0 0 0 0 0 0 0 0 0 0 0 0 0 0 0 0 0 0 0 0 0 0 0 0 0 0 0 0 0 0 0 0 0 0 0 0 0 0 0 0 0 0 0 0 0 0 0 0 0 0 0 0 0 0 0 0 0 0 0 0 0 0 0 0 0 0 0 0 0 0 0 0 0 0 0 0 0 0 0 0 0 0 0 0 0 0 0 0 0 0 0 0 0 0 0 0 0 0 0 0 0 0 0 0 0 0 0 0 0 0 0 0 0 0 0 0
11/27/2023 19:00:04 - INFO - __main__ -   source_mask: 1 1 1 1 1 1 1 1 1 1 1 1 1 1 1 1 1 1 1 1 1 1 1 1 1 1 1 1 1 1 1 1 1 1 1 1 1 1 1 1 1 1 1 1 1 1 1 1 1 1 1 1 1 1 1 1 1 1 1 1 1 1 1 1 1 1 1 1 1 1 1 1 1 1 0 0 0 0 0 0 0 0 0 0 0 0 0 0 0 0 0 0 0 0 0 0 0 0 0 0 0 0 0 0 0 0 0 0 0 0 0 0 0 0 0 0 0 0 0 0 0 0 0 0 0 0 0 0 0 0 0 0 0 0 0 0 0 0 0 0 0 0 0 0 0 0 0 0 0 0 0 0 0 0 0 0 0 0 0 0 0 0 0 0 0 0 0 0 0 0 0 0 0 0 0 0 0 0 0 0 0 0 0 0 0 0 0 0 0 0 0 0 0 0 0 0 0 0 0 0 0 0 0 0 0 0 0 0 0 0 0 0 0 0 0 0 0 0 0 0 0 0 0 0 0 0 0 0 0 0 0 0 0 0 0 0 0 0 0 0 0 0 0 0 0 0 0 0 0 0 0 0 0 0 0 0 0 0 0 0 0 0 0 0 0 0 0 0 0 0 0 0 0 0 0 0 0 0 0 0 0 0 0 0 0 0 0 0 0 0 0 0 0 0 0 0 0 0 0 0 0 0 0 0 0 0 0 0 0 0 0 0 0 0 0 0 0 0 0 0 0 0 0 0 0 0 0 0 0 0 0 0 0 0 0 0 0 0 0 0 0 0 0 0 0 0 0 0 0 0 0 0 0 0 0 0 0 0 0 0 0 0 0 0 0 0 0 0 0 0 0 0 0 0 0 0 0 0 0 0 0 0 0 0 0 0 0 0 0 0 0 0 0 0 0 0 0 0 0 0 0 0 0 0 0 0 0 0 0 0 0 0 0 0 0 0 0 0 0 0 0 0 0 0 0 0 0 0 0 0 0 0 0 0 0 0 0 0 0 0 0 0 0 0 0 0 0 0 0 0 0 0 0 0 0 0 0 0 0 0 0 0 0 0 0 0 0 0 0 0 0 0 0 0 0 0 0 0 0 0 0 0 0 0 0 0 0 0 0 0 0 0 0 0 0 0 0 0 0 0 0 0 0 0 0 0 0 0 0 0 0 0
11/27/2023 19:00:04 - INFO - __main__ -   target_tokens: ['<s>', 'Clone', '_the', '_array', '.', '</s>']
11/27/2023 19:00:04 - INFO - __main__ -   target_ids: 1 10930 326 526 18 2 0 0 0 0 0 0 0 0 0 0 0 0 0 0 0 0 0 0 0 0 0 0 0 0 0 0 0 0 0 0 0 0 0 0 0 0 0 0 0 0 0 0 0 0 0 0 0 0 0 0 0 0 0 0 0 0 0 0 0 0 0 0 0 0 0 0 0 0 0 0 0 0 0 0 0 0 0 0 0 0 0 0 0 0 0 0 0 0 0 0 0 0 0 0 0 0 0 0 0 0 0 0 0 0 0 0 0 0 0 0 0 0 0 0 0 0 0 0 0 0 0 0
11/27/2023 19:00:04 - INFO - __main__ -   target_mask: 1 1 1 1 1 1 0 0 0 0 0 0 0 0 0 0 0 0 0 0 0 0 0 0 0 0 0 0 0 0 0 0 0 0 0 0 0 0 0 0 0 0 0 0 0 0 0 0 0 0 0 0 0 0 0 0 0 0 0 0 0 0 0 0 0 0 0 0 0 0 0 0 0 0 0 0 0 0 0 0 0 0 0 0 0 0 0 0 0 0 0 0 0 0 0 0 0 0 0 0 0 0 0 0 0 0 0 0 0 0 0 0 0 0 0 0 0 0 0 0 0 0 0 0 0 0 0 0
11/27/2023 19:00:04 - INFO - __main__ -   *** Example ***
11/27/2023 19:00:04 - INFO - __main__ -   idx: 4
11/27/2023 19:00:04 - INFO - __main__ -   source_tokens: ['<s>', 'public', '_String', '_getSub', 'Info', '(', 'C', 'ust', 'Core', '_c', 'ust', 'Core', ',', '_String', '_x', 'tn', 'A', 'tr', 'bt', 'Nm', ')', '_throws', '_B', 'iz', 'Application', 'Exception', '_{', '_return', '__', 'get', 'C', 'ust', 'Sub', 'Info', 'B', 'iz', '().', 'get', 'Sub', 'Info', '(', 'x', 'tn', 'A', 'tr', 'bt', 'Nm', ',', '_(', 'C', 'ust', 'Impl', ')', '_c', 'ust', 'Core', ');', '_}', '</s>']
11/27/2023 19:00:04 - INFO - __main__ -   source_ids: 1 482 514 7040 966 12 39 641 4670 276 641 4670 16 514 619 5088 37 313 23602 25246 13 1216 605 452 3208 503 288 327 389 588 39 641 1676 966 38 452 7675 588 1676 966 12 92 5088 37 313 23602 25246 16 261 39 641 2828 13 276 641 4670 1769 289 2 0 0 0 0 0 0 0 0 0 0 0 0 0 0 0 0 0 0 0 0 0 0 0 0 0 0 0 0 0 0 0 0 0 0 0 0 0 0 0 0 0 0 0 0 0 0 0 0 0 0 0 0 0 0 0 0 0 0 0 0 0 0 0 0 0 0 0 0 0 0 0 0 0 0 0 0 0 0 0 0 0 0 0 0 0 0 0 0 0 0 0 0 0 0 0 0 0 0 0 0 0 0 0 0 0 0 0 0 0 0 0 0 0 0 0 0 0 0 0 0 0 0 0 0 0 0 0 0 0 0 0 0 0 0 0 0 0 0 0 0 0 0 0 0 0 0 0 0 0 0 0 0 0 0 0 0 0 0 0 0 0 0 0 0 0 0 0 0 0 0 0 0 0 0 0 0 0 0 0 0 0 0 0 0 0 0 0 0 0 0 0 0 0 0 0 0 0 0 0 0 0 0 0 0 0 0 0 0 0 0 0 0 0 0 0 0 0 0 0 0 0 0 0 0 0 0 0 0 0 0 0 0 0 0 0 0 0 0 0 0 0 0 0 0 0 0 0 0 0 0 0 0 0 0 0 0 0 0 0 0 0 0 0 0 0 0 0 0 0 0 0 0 0 0 0 0 0 0 0 0 0 0 0 0 0 0 0 0 0 0 0 0 0 0 0 0 0 0 0 0 0 0 0 0 0 0 0 0 0 0 0 0 0 0 0 0 0 0 0 0 0 0 0 0 0 0 0 0 0 0 0 0 0 0 0 0 0 0 0 0 0 0 0 0 0 0 0 0 0 0 0 0 0 0 0 0 0 0 0 0 0 0 0 0 0 0 0 0 0 0 0 0 0 0 0 0 0 0 0 0 0 0 0 0 0 0 0 0 0 0 0 0 0 0 0 0 0 0 0 0 0 0 0 0 0 0 0 0 0 0 0 0 0 0 0 0 0 0 0 0 0 0 0 0 0 0 0 0 0 0 0 0 0 0 0 0 0 0 0 0 0 0 0 0 0 0 0 0 0 0 0 0 0
11/27/2023 19:00:04 - INFO - __main__ -   source_mask: 1 1 1 1 1 1 1 1 1 1 1 1 1 1 1 1 1 1 1 1 1 1 1 1 1 1 1 1 1 1 1 1 1 1 1 1 1 1 1 1 1 1 1 1 1 1 1 1 1 1 1 1 1 1 1 1 1 1 1 0 0 0 0 0 0 0 0 0 0 0 0 0 0 0 0 0 0 0 0 0 0 0 0 0 0 0 0 0 0 0 0 0 0 0 0 0 0 0 0 0 0 0 0 0 0 0 0 0 0 0 0 0 0 0 0 0 0 0 0 0 0 0 0 0 0 0 0 0 0 0 0 0 0 0 0 0 0 0 0 0 0 0 0 0 0 0 0 0 0 0 0 0 0 0 0 0 0 0 0 0 0 0 0 0 0 0 0 0 0 0 0 0 0 0 0 0 0 0 0 0 0 0 0 0 0 0 0 0 0 0 0 0 0 0 0 0 0 0 0 0 0 0 0 0 0 0 0 0 0 0 0 0 0 0 0 0 0 0 0 0 0 0 0 0 0 0 0 0 0 0 0 0 0 0 0 0 0 0 0 0 0 0 0 0 0 0 0 0 0 0 0 0 0 0 0 0 0 0 0 0 0 0 0 0 0 0 0 0 0 0 0 0 0 0 0 0 0 0 0 0 0 0 0 0 0 0 0 0 0 0 0 0 0 0 0 0 0 0 0 0 0 0 0 0 0 0 0 0 0 0 0 0 0 0 0 0 0 0 0 0 0 0 0 0 0 0 0 0 0 0 0 0 0 0 0 0 0 0 0 0 0 0 0 0 0 0 0 0 0 0 0 0 0 0 0 0 0 0 0 0 0 0 0 0 0 0 0 0 0 0 0 0 0 0 0 0 0 0 0 0 0 0 0 0 0 0 0 0 0 0 0 0 0 0 0 0 0 0 0 0 0 0 0 0 0 0 0 0 0 0 0 0 0 0 0 0 0 0 0 0 0 0 0 0 0 0 0 0 0 0 0 0 0 0 0 0 0 0 0 0 0 0 0 0 0 0 0 0 0 0 0 0 0 0 0 0 0 0 0 0 0 0 0 0 0 0 0 0 0 0 0 0 0 0 0 0 0 0 0 0 0 0 0 0 0 0 0 0 0 0 0 0 0 0 0 0 0 0 0 0 0 0 0 0 0 0 0 0 0 0 0 0
11/27/2023 19:00:04 - INFO - __main__ -   target_tokens: ['<s>', 'This', '_method', '_provides', '_to', '_in', 'quire', '_the', '_specific', '_sub', 'sid', 'i', 'ary', '_information', '_named', "_'", 'x', 'tn', 'A', 'tr', 'bt', 'Nm', "'.", '</s>']
11/27/2023 19:00:04 - INFO - __main__ -   target_ids: 1 2503 707 8121 358 316 1039 326 2923 720 7453 77 814 1779 4141 296 92 5088 37 313 23602 25246 10332 2 0 0 0 0 0 0 0 0 0 0 0 0 0 0 0 0 0 0 0 0 0 0 0 0 0 0 0 0 0 0 0 0 0 0 0 0 0 0 0 0 0 0 0 0 0 0 0 0 0 0 0 0 0 0 0 0 0 0 0 0 0 0 0 0 0 0 0 0 0 0 0 0 0 0 0 0 0 0 0 0 0 0 0 0 0 0 0 0 0 0 0 0 0 0 0 0 0 0 0 0 0 0 0 0
11/27/2023 19:00:04 - INFO - __main__ -   target_mask: 1 1 1 1 1 1 1 1 1 1 1 1 1 1 1 1 1 1 1 1 1 1 1 1 0 0 0 0 0 0 0 0 0 0 0 0 0 0 0 0 0 0 0 0 0 0 0 0 0 0 0 0 0 0 0 0 0 0 0 0 0 0 0 0 0 0 0 0 0 0 0 0 0 0 0 0 0 0 0 0 0 0 0 0 0 0 0 0 0 0 0 0 0 0 0 0 0 0 0 0 0 0 0 0 0 0 0 0 0 0 0 0 0 0 0 0 0 0 0 0 0 0 0 0 0 0 0 0
/home/ysnamgoong42/miniconda3/envs/xlcost/lib/python3.8/site-packages/transformers/optimization.py:407: FutureWarning: This implementation of AdamW is deprecated and will be removed in a future version. Use the PyTorch implementation torch.optim.AdamW instead, or set `no_deprecation_warning=True` to disable this warning
  warnings.warn(
11/27/2023 19:00:24 - INFO - __main__ -   ***** Running training *****
11/27/2023 19:00:24 - INFO - __main__ -     Num examples = 23679
11/27/2023 19:00:24 - INFO - __main__ -     Batch size = 16
11/27/2023 19:00:24 - INFO - __main__ -     Num epoch = 49
11/27/2023 19:01:20 - INFO - __main__ -     step 100 loss 5.148
11/27/2023 19:02:15 - INFO - __main__ -     step 200 loss 4.1773
11/27/2023 19:03:11 - INFO - __main__ -     step 300 loss 3.3458
11/27/2023 19:04:07 - INFO - __main__ -     step 400 loss 2.6939
11/27/2023 19:05:03 - INFO - __main__ -     step 500 loss 2.2347
11/27/2023 19:05:59 - INFO - __main__ -     step 600 loss 1.9039
11/27/2023 19:06:55 - INFO - __main__ -     step 700 loss 1.6612
11/27/2023 19:07:51 - INFO - __main__ -     step 800 loss 1.4742
11/27/2023 19:08:46 - INFO - __main__ -     step 900 loss 1.3266
11/27/2023 19:09:42 - INFO - __main__ -     step 1000 loss 1.2066
11/27/2023 19:10:38 - INFO - __main__ -     step 1100 loss 1.1084
11/27/2023 19:11:34 - INFO - __main__ -     step 1200 loss 1.0252
11/27/2023 19:12:30 - INFO - __main__ -     step 1300 loss 0.9539
11/27/2023 19:13:26 - INFO - __main__ -     step 1400 loss 0.8922
11/27/2023 19:14:22 - INFO - __main__ -     step 1500 loss 0.8386
11/27/2023 19:15:17 - INFO - __main__ -     step 1600 loss 0.7914
11/27/2023 19:16:13 - INFO - __main__ -     step 1700 loss 0.7493
11/27/2023 19:17:09 - INFO - __main__ -     step 1800 loss 0.7116
11/27/2023 19:18:04 - INFO - __main__ -     step 1900 loss 0.6778
11/27/2023 19:19:00 - INFO - __main__ -     step 2000 loss 0.6471
11/27/2023 19:19:56 - INFO - __main__ -     step 2100 loss 0.6189
11/27/2023 19:20:52 - INFO - __main__ -     step 2200 loss 0.5935
11/27/2023 19:21:48 - INFO - __main__ -     step 2300 loss 0.57
11/27/2023 19:22:43 - INFO - __main__ -     step 2400 loss 0.5484
11/27/2023 19:23:39 - INFO - __main__ -     step 2500 loss 0.5283
11/27/2023 19:24:35 - INFO - __main__ -     step 2600 loss 0.5102
11/27/2023 19:25:30 - INFO - __main__ -     step 2700 loss 0.493
11/27/2023 19:26:25 - INFO - __main__ -     step 2800 loss 0.477
11/27/2023 19:27:21 - INFO - __main__ -     step 2900 loss 0.4621
11/27/2023 19:28:16 - INFO - __main__ -     step 3000 loss 0.4481
11/27/2023 19:29:12 - INFO - __main__ -     step 3100 loss 0.435
11/27/2023 19:30:08 - INFO - __main__ -     step 3200 loss 0.4227
11/27/2023 19:31:04 - INFO - __main__ -     step 3300 loss 0.4111
11/27/2023 19:31:59 - INFO - __main__ -     step 3400 loss 0.4001
11/27/2023 19:32:55 - INFO - __main__ -     step 3500 loss 0.3897
11/27/2023 19:33:51 - INFO - __main__ -     step 3600 loss 0.3797
11/27/2023 19:34:47 - INFO - __main__ -     step 3700 loss 0.3704
11/27/2023 19:35:43 - INFO - __main__ -     step 3800 loss 0.3615
11/27/2023 19:36:38 - INFO - __main__ -     step 3900 loss 0.3531
11/27/2023 19:37:34 - INFO - __main__ -     step 4000 loss 0.345
11/27/2023 19:38:30 - INFO - __main__ -     step 4100 loss 0.3374
11/27/2023 19:39:25 - INFO - __main__ -     step 4200 loss 0.33
11/27/2023 19:40:21 - INFO - __main__ -     step 4300 loss 0.323
11/27/2023 19:41:17 - INFO - __main__ -     step 4400 loss 0.3163
11/27/2023 19:42:13 - INFO - __main__ -     step 4500 loss 0.3099
11/27/2023 19:43:09 - INFO - __main__ -     step 4600 loss 0.3038
11/27/2023 19:44:05 - INFO - __main__ -     step 4700 loss 0.298
11/27/2023 19:45:01 - INFO - __main__ -     step 4800 loss 0.2923
11/27/2023 19:45:57 - INFO - __main__ -     step 4900 loss 0.2869
11/27/2023 19:46:53 - INFO - __main__ -     step 5000 loss 0.2816
11/27/2023 19:47:49 - INFO - __main__ -     step 5100 loss 0.2765
11/27/2023 19:48:45 - INFO - __main__ -     step 5200 loss 0.2717
11/27/2023 19:49:42 - INFO - __main__ -     step 5300 loss 0.267
11/27/2023 19:50:39 - INFO - __main__ -     step 5400 loss 0.2625
11/27/2023 19:51:35 - INFO - __main__ -     step 5500 loss 0.2581
11/27/2023 19:52:31 - INFO - __main__ -     step 5600 loss 0.2539
11/27/2023 19:53:27 - INFO - __main__ -     step 5700 loss 0.2498
11/27/2023 19:54:22 - INFO - __main__ -     step 5800 loss 0.2459
11/27/2023 19:55:18 - INFO - __main__ -     step 5900 loss 0.2421
11/27/2023 19:56:14 - INFO - __main__ -     step 6000 loss 0.2384
11/27/2023 19:57:09 - INFO - __main__ -     step 6100 loss 0.2349
11/27/2023 19:58:06 - INFO - __main__ -     step 6200 loss 0.2314
11/27/2023 19:59:04 - INFO - __main__ -     step 6300 loss 0.2281
11/27/2023 20:00:00 - INFO - __main__ -     step 6400 loss 0.2248
11/27/2023 20:00:56 - INFO - __main__ -     step 6500 loss 0.2216
11/27/2023 20:01:52 - INFO - __main__ -     step 6600 loss 0.2186
11/27/2023 20:02:47 - INFO - __main__ -     step 6700 loss 0.2156
11/27/2023 20:03:43 - INFO - __main__ -     step 6800 loss 0.2127
11/27/2023 20:04:39 - INFO - __main__ -     step 6900 loss 0.2099
11/27/2023 20:05:35 - INFO - __main__ -     step 7000 loss 0.2071
11/27/2023 20:06:31 - INFO - __main__ -     step 7100 loss 0.2045
11/27/2023 20:07:27 - INFO - __main__ -     step 7200 loss 0.2019
11/27/2023 20:08:23 - INFO - __main__ -     step 7300 loss 0.1994
11/27/2023 20:09:19 - INFO - __main__ -     step 7400 loss 0.1969
11/27/2023 20:10:14 - INFO - __main__ -     step 7500 loss 0.1945
11/27/2023 20:11:10 - INFO - __main__ -     step 7600 loss 0.1922
11/27/2023 20:12:06 - INFO - __main__ -     step 7700 loss 0.1899
11/27/2023 20:13:02 - INFO - __main__ -     step 7800 loss 0.1877
11/27/2023 20:13:57 - INFO - __main__ -     step 7900 loss 0.1855
11/27/2023 20:14:53 - INFO - __main__ -     step 8000 loss 0.1834
11/27/2023 20:15:48 - INFO - __main__ -     step 8100 loss 0.1814
11/27/2023 20:16:44 - INFO - __main__ -     step 8200 loss 0.1793
11/27/2023 20:17:39 - INFO - __main__ -     step 8300 loss 0.1773
11/27/2023 20:18:35 - INFO - __main__ -     step 8400 loss 0.1754
11/27/2023 20:19:30 - INFO - __main__ -     step 8500 loss 0.1735
11/27/2023 20:20:25 - INFO - __main__ -     step 8600 loss 0.1717
11/27/2023 20:21:21 - INFO - __main__ -     step 8700 loss 0.1699
11/27/2023 20:22:16 - INFO - __main__ -     step 8800 loss 0.1681
11/27/2023 20:23:12 - INFO - __main__ -     step 8900 loss 0.1664
11/27/2023 20:24:07 - INFO - __main__ -     step 9000 loss 0.1647
11/27/2023 20:25:03 - INFO - __main__ -     step 9100 loss 0.1631
11/27/2023 20:25:59 - INFO - __main__ -     step 9200 loss 0.1614
11/27/2023 20:26:55 - INFO - __main__ -     step 9300 loss 0.1599
11/27/2023 20:27:51 - INFO - __main__ -     step 9400 loss 0.1583
11/27/2023 20:28:46 - INFO - __main__ -     step 9500 loss 0.1568
11/27/2023 20:29:42 - INFO - __main__ -     step 9600 loss 0.1553
11/27/2023 20:30:38 - INFO - __main__ -     step 9700 loss 0.1538
11/27/2023 20:31:34 - INFO - __main__ -     step 9800 loss 0.1524
11/27/2023 20:32:30 - INFO - __main__ -     step 9900 loss 0.151
11/27/2023 20:33:26 - INFO - __main__ -     step 10000 loss 0.1496
11/27/2023 20:34:22 - INFO - __main__ -     step 10100 loss 0.1483
11/27/2023 20:35:19 - INFO - __main__ -     step 10200 loss 0.147
11/27/2023 20:36:15 - INFO - __main__ -     step 10300 loss 0.1457
11/27/2023 20:37:10 - INFO - __main__ -     step 10400 loss 0.1444
11/27/2023 20:38:06 - INFO - __main__ -     step 10500 loss 0.1431
11/27/2023 20:39:02 - INFO - __main__ -     step 10600 loss 0.1419
11/27/2023 20:39:58 - INFO - __main__ -     step 10700 loss 0.1407
11/27/2023 20:40:54 - INFO - __main__ -     step 10800 loss 0.1395
11/27/2023 20:41:49 - INFO - __main__ -     step 10900 loss 0.1383
11/27/2023 20:42:45 - INFO - __main__ -     step 11000 loss 0.1372
11/27/2023 20:43:43 - INFO - __main__ -     step 11100 loss 0.1361
11/27/2023 20:44:38 - INFO - __main__ -     step 11200 loss 0.135
11/27/2023 20:45:34 - INFO - __main__ -     step 11300 loss 0.1339
11/27/2023 20:46:29 - INFO - __main__ -     step 11400 loss 0.1328
11/27/2023 20:47:25 - INFO - __main__ -     step 11500 loss 0.1318
11/27/2023 20:48:21 - INFO - __main__ -     step 11600 loss 0.1307
11/27/2023 20:49:16 - INFO - __main__ -     step 11700 loss 0.1297
11/27/2023 20:50:12 - INFO - __main__ -     step 11800 loss 0.1287
11/27/2023 20:51:08 - INFO - __main__ -     step 11900 loss 0.1277
11/27/2023 20:52:05 - INFO - __main__ -     step 12000 loss 0.1268
11/27/2023 20:53:00 - INFO - __main__ -     step 12100 loss 0.1258
11/27/2023 20:53:56 - INFO - __main__ -     step 12200 loss 0.1249
11/27/2023 20:54:52 - INFO - __main__ -     step 12300 loss 0.124
11/27/2023 20:55:48 - INFO - __main__ -     step 12400 loss 0.1231
11/27/2023 20:56:43 - INFO - __main__ -     step 12500 loss 0.1222
11/27/2023 20:57:39 - INFO - __main__ -     step 12600 loss 0.1213
11/27/2023 20:58:35 - INFO - __main__ -     step 12700 loss 0.1204
11/27/2023 20:59:31 - INFO - __main__ -     step 12800 loss 0.1196
11/27/2023 21:00:26 - INFO - __main__ -     step 12900 loss 0.1187
11/27/2023 21:01:22 - INFO - __main__ -     step 13000 loss 0.1179
11/27/2023 21:02:18 - INFO - __main__ -     step 13100 loss 0.1171
11/27/2023 21:03:14 - INFO - __main__ -     step 13200 loss 0.1163
11/27/2023 21:04:10 - INFO - __main__ -     step 13300 loss 0.1155
11/27/2023 21:05:06 - INFO - __main__ -     step 13400 loss 0.1147
11/27/2023 21:06:02 - INFO - __main__ -     step 13500 loss 0.114
11/27/2023 21:07:00 - INFO - __main__ -     step 13600 loss 0.1132
11/27/2023 21:07:56 - INFO - __main__ -     step 13700 loss 0.1125
11/27/2023 21:08:52 - INFO - __main__ -     step 13800 loss 0.1118
11/27/2023 21:09:48 - INFO - __main__ -     step 13900 loss 0.111
11/27/2023 21:10:44 - INFO - __main__ -     step 14000 loss 0.1103
11/27/2023 21:11:39 - INFO - __main__ -     step 14100 loss 0.1096
11/27/2023 21:12:35 - INFO - __main__ -     step 14200 loss 0.1089
11/27/2023 21:13:32 - INFO - __main__ -     step 14300 loss 0.1082
11/27/2023 21:14:28 - INFO - __main__ -     step 14400 loss 0.1076
11/27/2023 21:15:23 - INFO - __main__ -     step 14500 loss 0.1069
11/27/2023 21:16:19 - INFO - __main__ -     step 14600 loss 0.1062
11/27/2023 21:17:14 - INFO - __main__ -     step 14700 loss 0.1056
11/27/2023 21:18:10 - INFO - __main__ -   
***** Running evaluation *****
11/27/2023 21:18:10 - INFO - __main__ -     Num examples = 1000
11/27/2023 21:18:10 - INFO - __main__ -     Batch size = 16
11/27/2023 21:18:22 - INFO - __main__ -     eval_ppl = 1.02316
11/27/2023 21:18:22 - INFO - __main__ -     global_step = 14799
11/27/2023 21:18:22 - INFO - __main__ -     train_loss = 0.1049
11/27/2023 21:18:22 - INFO - __main__ -     ********************
11/27/2023 21:18:25 - INFO - __main__ -     Best ppl:1.02316
11/27/2023 21:18:25 - INFO - __main__ -     ********************
11/27/2023 21:21:33 - INFO - __main__ -     bleu-4 = 54.61 
11/27/2023 21:21:33 - INFO - __main__ -     xMatch = 57.7 
11/27/2023 21:21:33 - INFO - __main__ -     ********************
11/27/2023 21:21:33 - INFO - __main__ -     Best bleu:54.61
11/27/2023 21:21:33 - INFO - __main__ -     ********************
11/27/2023 21:21:36 - INFO - __main__ -     step 14800 loss 0.0082
11/27/2023 21:22:32 - INFO - __main__ -     step 14900 loss 0.0106
11/27/2023 21:23:28 - INFO - __main__ -     step 15000 loss 0.0107
11/27/2023 21:24:24 - INFO - __main__ -     step 15100 loss 0.0104
11/27/2023 21:25:19 - INFO - __main__ -     step 15200 loss 0.0103
11/27/2023 21:26:15 - INFO - __main__ -     step 15300 loss 0.0103
11/27/2023 21:27:11 - INFO - __main__ -     step 15400 loss 0.0103
11/27/2023 21:28:07 - INFO - __main__ -     step 15500 loss 0.0103
11/27/2023 21:29:03 - INFO - __main__ -     step 15600 loss 0.0103
11/27/2023 21:29:59 - INFO - __main__ -     step 15700 loss 0.0103
11/27/2023 21:30:54 - INFO - __main__ -     step 15800 loss 0.0103
11/27/2023 21:31:50 - INFO - __main__ -     step 15900 loss 0.0102
11/27/2023 21:32:46 - INFO - __main__ -     step 16000 loss 0.0102
11/27/2023 21:33:42 - INFO - __main__ -     step 16100 loss 0.0102
11/27/2023 21:34:37 - INFO - __main__ -     step 16200 loss 0.0102
11/27/2023 21:35:33 - INFO - __main__ -     step 16300 loss 0.0101
11/27/2023 21:36:28 - INFO - __main__ -     step 16400 loss 0.0101
11/27/2023 21:37:25 - INFO - __main__ -     step 16500 loss 0.0102
11/27/2023 21:38:20 - INFO - __main__ -     step 16600 loss 0.0102
11/27/2023 21:39:16 - INFO - __main__ -     step 16700 loss 0.0102
11/27/2023 21:40:12 - INFO - __main__ -     step 16800 loss 0.0101
11/27/2023 21:41:08 - INFO - __main__ -     step 16900 loss 0.0101
11/27/2023 21:42:03 - INFO - __main__ -     step 17000 loss 0.0102
11/27/2023 21:42:59 - INFO - __main__ -     step 17100 loss 0.0101
11/27/2023 21:43:55 - INFO - __main__ -     step 17200 loss 0.0101
11/27/2023 21:44:51 - INFO - __main__ -     step 17300 loss 0.0101
11/27/2023 21:45:46 - INFO - __main__ -     step 17400 loss 0.0101
11/27/2023 21:46:42 - INFO - __main__ -     step 17500 loss 0.0101
11/27/2023 21:47:39 - INFO - __main__ -     step 17600 loss 0.0101
11/27/2023 21:48:34 - INFO - __main__ -     step 17700 loss 0.0101
11/27/2023 21:49:30 - INFO - __main__ -     step 17800 loss 0.01
11/27/2023 21:50:25 - INFO - __main__ -     step 17900 loss 0.01
11/27/2023 21:51:21 - INFO - __main__ -     step 18000 loss 0.0101
11/27/2023 21:52:16 - INFO - __main__ -     step 18100 loss 0.0101
11/27/2023 21:53:12 - INFO - __main__ -     step 18200 loss 0.0101
11/27/2023 21:54:08 - INFO - __main__ -     step 18300 loss 0.0101
11/27/2023 21:55:04 - INFO - __main__ -     step 18400 loss 0.01
11/27/2023 21:55:59 - INFO - __main__ -     step 18500 loss 0.01
11/27/2023 21:56:55 - INFO - __main__ -     step 18600 loss 0.01
11/27/2023 21:57:51 - INFO - __main__ -     step 18700 loss 0.01
11/27/2023 21:58:48 - INFO - __main__ -     step 18800 loss 0.01
11/27/2023 21:59:44 - INFO - __main__ -     step 18900 loss 0.0099
11/27/2023 22:00:40 - INFO - __main__ -     step 19000 loss 0.0099
11/27/2023 22:01:36 - INFO - __main__ -     step 19100 loss 0.0099
11/27/2023 22:02:32 - INFO - __main__ -     step 19200 loss 0.0099
11/27/2023 22:03:28 - INFO - __main__ -     step 19300 loss 0.0099
11/27/2023 22:04:24 - INFO - __main__ -     step 19400 loss 0.0099
11/27/2023 22:05:20 - INFO - __main__ -     step 19500 loss 0.0099
11/27/2023 22:06:17 - INFO - __main__ -     step 19600 loss 0.0099
11/27/2023 22:07:12 - INFO - __main__ -     step 19700 loss 0.0099
11/27/2023 22:08:08 - INFO - __main__ -     step 19800 loss 0.0099
11/27/2023 22:09:04 - INFO - __main__ -     step 19900 loss 0.0099
11/27/2023 22:10:00 - INFO - __main__ -     step 20000 loss 0.0099
11/27/2023 22:10:55 - INFO - __main__ -     step 20100 loss 0.0098
11/27/2023 22:11:51 - INFO - __main__ -     step 20200 loss 0.0098
11/27/2023 22:12:47 - INFO - __main__ -     step 20300 loss 0.0098
11/27/2023 22:13:43 - INFO - __main__ -     step 20400 loss 0.0098
11/27/2023 22:14:39 - INFO - __main__ -     step 20500 loss 0.0098
11/27/2023 22:15:36 - INFO - __main__ -     step 20600 loss 0.0098
11/27/2023 22:16:34 - INFO - __main__ -     step 20700 loss 0.0098
11/27/2023 22:17:30 - INFO - __main__ -     step 20800 loss 0.0098
11/27/2023 22:18:26 - INFO - __main__ -     step 20900 loss 0.0098
11/27/2023 22:19:21 - INFO - __main__ -     step 21000 loss 0.0098
11/27/2023 22:20:17 - INFO - __main__ -     step 21100 loss 0.0098
11/27/2023 22:21:13 - INFO - __main__ -     step 21200 loss 0.0098
11/27/2023 22:22:09 - INFO - __main__ -     step 21300 loss 0.0098
11/27/2023 22:23:05 - INFO - __main__ -     step 21400 loss 0.0097
11/27/2023 22:24:01 - INFO - __main__ -     step 21500 loss 0.0097
11/27/2023 22:25:00 - INFO - __main__ -     step 21600 loss 0.0097
11/27/2023 22:25:56 - INFO - __main__ -     step 21700 loss 0.0097
11/27/2023 22:26:52 - INFO - __main__ -     step 21800 loss 0.0097
11/27/2023 22:27:49 - INFO - __main__ -     step 21900 loss 0.0097
11/27/2023 22:28:45 - INFO - __main__ -     step 22000 loss 0.0097
11/27/2023 22:29:42 - INFO - __main__ -     step 22100 loss 0.0097
11/27/2023 22:30:38 - INFO - __main__ -     step 22200 loss 0.0097
11/27/2023 22:31:34 - INFO - __main__ -     step 22300 loss 0.0097
11/27/2023 22:32:30 - INFO - __main__ -     step 22400 loss 0.0096
11/27/2023 22:33:27 - INFO - __main__ -     step 22500 loss 0.0096
11/27/2023 22:34:23 - INFO - __main__ -     step 22600 loss 0.0096
11/27/2023 22:35:19 - INFO - __main__ -     step 22700 loss 0.0096
11/27/2023 22:36:14 - INFO - __main__ -     step 22800 loss 0.0096
11/27/2023 22:37:10 - INFO - __main__ -     step 22900 loss 0.0096
11/27/2023 22:38:06 - INFO - __main__ -     step 23000 loss 0.0096
11/27/2023 22:39:02 - INFO - __main__ -     step 23100 loss 0.0096
11/27/2023 22:39:58 - INFO - __main__ -     step 23200 loss 0.0096
11/27/2023 22:40:53 - INFO - __main__ -     step 23300 loss 0.0096
11/27/2023 22:41:49 - INFO - __main__ -     step 23400 loss 0.0096
11/27/2023 22:42:45 - INFO - __main__ -     step 23500 loss 0.0096
11/27/2023 22:43:41 - INFO - __main__ -     step 23600 loss 0.0095
11/27/2023 22:44:36 - INFO - __main__ -     step 23700 loss 0.0095
11/27/2023 22:45:32 - INFO - __main__ -     step 23800 loss 0.0095
11/27/2023 22:46:27 - INFO - __main__ -     step 23900 loss 0.0095
11/27/2023 22:47:23 - INFO - __main__ -     step 24000 loss 0.0095
11/27/2023 22:48:18 - INFO - __main__ -     step 24100 loss 0.0095
11/27/2023 22:49:14 - INFO - __main__ -     step 24200 loss 0.0095
11/27/2023 22:50:10 - INFO - __main__ -     step 24300 loss 0.0095
11/27/2023 22:51:05 - INFO - __main__ -     step 24400 loss 0.0095
11/27/2023 22:52:00 - INFO - __main__ -     step 24500 loss 0.0095
11/27/2023 22:52:56 - INFO - __main__ -     step 24600 loss 0.0095
11/27/2023 22:53:51 - INFO - __main__ -     step 24700 loss 0.0095
11/27/2023 22:54:47 - INFO - __main__ -     step 24800 loss 0.0094
11/27/2023 22:55:42 - INFO - __main__ -     step 24900 loss 0.0094
11/27/2023 22:56:38 - INFO - __main__ -     step 25000 loss 0.0094
11/27/2023 22:57:34 - INFO - __main__ -     step 25100 loss 0.0094
11/27/2023 22:58:30 - INFO - __main__ -     step 25200 loss 0.0094
11/27/2023 22:59:25 - INFO - __main__ -     step 25300 loss 0.0094
11/27/2023 23:00:20 - INFO - __main__ -     step 25400 loss 0.0094
11/27/2023 23:01:16 - INFO - __main__ -     step 25500 loss 0.0094
11/27/2023 23:02:11 - INFO - __main__ -     step 25600 loss 0.0094
11/27/2023 23:03:07 - INFO - __main__ -     step 25700 loss 0.0094
11/27/2023 23:04:03 - INFO - __main__ -     step 25800 loss 0.0094
11/27/2023 23:04:58 - INFO - __main__ -     step 25900 loss 0.0094
11/27/2023 23:05:54 - INFO - __main__ -     step 26000 loss 0.0094
11/27/2023 23:06:49 - INFO - __main__ -     step 26100 loss 0.0094
11/27/2023 23:07:45 - INFO - __main__ -     step 26200 loss 0.0093
11/27/2023 23:08:41 - INFO - __main__ -     step 26300 loss 0.0093
11/27/2023 23:09:37 - INFO - __main__ -     step 26400 loss 0.0093
11/27/2023 23:10:33 - INFO - __main__ -     step 26500 loss 0.0093
11/27/2023 23:11:28 - INFO - __main__ -     step 26600 loss 0.0093
11/27/2023 23:12:24 - INFO - __main__ -     step 26700 loss 0.0093
11/27/2023 23:13:20 - INFO - __main__ -     step 26800 loss 0.0093
11/27/2023 23:14:17 - INFO - __main__ -     step 26900 loss 0.0093
11/27/2023 23:15:12 - INFO - __main__ -     step 27000 loss 0.0093
11/27/2023 23:16:08 - INFO - __main__ -     step 27100 loss 0.0093
11/27/2023 23:17:04 - INFO - __main__ -     step 27200 loss 0.0093
11/27/2023 23:18:00 - INFO - __main__ -     step 27300 loss 0.0093
11/27/2023 23:18:56 - INFO - __main__ -     step 27400 loss 0.0093
11/27/2023 23:19:52 - INFO - __main__ -     step 27500 loss 0.0093
11/27/2023 23:20:48 - INFO - __main__ -     step 27600 loss 0.0092
11/27/2023 23:21:44 - INFO - __main__ -     step 27700 loss 0.0092
11/27/2023 23:22:39 - INFO - __main__ -     step 27800 loss 0.0092
11/27/2023 23:23:35 - INFO - __main__ -     step 27900 loss 0.0092
11/27/2023 23:24:31 - INFO - __main__ -     step 28000 loss 0.0092
11/27/2023 23:25:27 - INFO - __main__ -     step 28100 loss 0.0092
11/27/2023 23:26:23 - INFO - __main__ -     step 28200 loss 0.0092
11/27/2023 23:27:18 - INFO - __main__ -     step 28300 loss 0.0092
11/27/2023 23:28:14 - INFO - __main__ -     step 28400 loss 0.0092
11/27/2023 23:29:10 - INFO - __main__ -     step 28500 loss 0.0092
11/27/2023 23:30:07 - INFO - __main__ -     step 28600 loss 0.0092
11/27/2023 23:31:03 - INFO - __main__ -     step 28700 loss 0.0092
11/27/2023 23:31:58 - INFO - __main__ -     step 28800 loss 0.0092
11/27/2023 23:32:54 - INFO - __main__ -     step 28900 loss 0.0092
11/27/2023 23:33:50 - INFO - __main__ -     step 29000 loss 0.0091
11/27/2023 23:34:45 - INFO - __main__ -     step 29100 loss 0.0091
11/27/2023 23:35:41 - INFO - __main__ -     step 29200 loss 0.0091
11/27/2023 23:36:37 - INFO - __main__ -     step 29300 loss 0.0091
11/27/2023 23:37:32 - INFO - __main__ -     step 29400 loss 0.0091
11/27/2023 23:38:28 - INFO - __main__ -     step 29500 loss 0.0091
11/27/2023 23:39:22 - INFO - __main__ -   
***** Running evaluation *****
11/27/2023 23:39:22 - INFO - __main__ -     Num examples = 1000
11/27/2023 23:39:22 - INFO - __main__ -     Batch size = 16
11/27/2023 23:39:34 - INFO - __main__ -     eval_ppl = 1.02351
11/27/2023 23:39:34 - INFO - __main__ -     global_step = 29598
11/27/2023 23:39:34 - INFO - __main__ -     train_loss = 0.0091
11/27/2023 23:39:34 - INFO - __main__ -     ********************
11/27/2023 23:42:28 - INFO - __main__ -     bleu-4 = 55.4 
11/27/2023 23:42:28 - INFO - __main__ -     xMatch = 57.4 
11/27/2023 23:42:28 - INFO - __main__ -     ********************
11/27/2023 23:42:28 - INFO - __main__ -     Best bleu:55.4
11/27/2023 23:42:28 - INFO - __main__ -     ********************
11/27/2023 23:42:32 - INFO - __main__ -     step 29600 loss 0.0061
11/27/2023 23:43:27 - INFO - __main__ -     step 29700 loss 0.0083
11/27/2023 23:44:23 - INFO - __main__ -     step 29800 loss 0.0082
11/27/2023 23:45:19 - INFO - __main__ -     step 29900 loss 0.0082
11/27/2023 23:46:14 - INFO - __main__ -     step 30000 loss 0.0082
11/27/2023 23:47:10 - INFO - __main__ -     step 30100 loss 0.0082
11/27/2023 23:48:05 - INFO - __main__ -     step 30200 loss 0.0083
11/27/2023 23:49:01 - INFO - __main__ -     step 30300 loss 0.0083
11/27/2023 23:49:57 - INFO - __main__ -     step 30400 loss 0.0082
11/27/2023 23:50:53 - INFO - __main__ -     step 30500 loss 0.0082
11/27/2023 23:51:48 - INFO - __main__ -     step 30600 loss 0.0082
11/27/2023 23:52:44 - INFO - __main__ -     step 30700 loss 0.0082
11/27/2023 23:53:39 - INFO - __main__ -     step 30800 loss 0.0082
11/27/2023 23:54:35 - INFO - __main__ -     step 30900 loss 0.0082
11/27/2023 23:55:31 - INFO - __main__ -     step 31000 loss 0.0082
11/27/2023 23:56:27 - INFO - __main__ -     step 31100 loss 0.0081
11/27/2023 23:57:22 - INFO - __main__ -     step 31200 loss 0.0081
11/27/2023 23:58:18 - INFO - __main__ -     step 31300 loss 0.0081
11/27/2023 23:59:15 - INFO - __main__ -     step 31400 loss 0.0081
11/28/2023 00:00:10 - INFO - __main__ -     step 31500 loss 0.0081
11/28/2023 00:01:06 - INFO - __main__ -     step 31600 loss 0.0081
11/28/2023 00:02:01 - INFO - __main__ -     step 31700 loss 0.0081
11/28/2023 00:02:57 - INFO - __main__ -     step 31800 loss 0.0081
11/28/2023 00:03:53 - INFO - __main__ -     step 31900 loss 0.0081
11/28/2023 00:04:48 - INFO - __main__ -     step 32000 loss 0.0081
11/28/2023 00:05:44 - INFO - __main__ -     step 32100 loss 0.0081
11/28/2023 00:06:39 - INFO - __main__ -     step 32200 loss 0.0081
11/28/2023 00:07:35 - INFO - __main__ -     step 32300 loss 0.0081
11/28/2023 00:08:30 - INFO - __main__ -     step 32400 loss 0.0081
11/28/2023 00:09:26 - INFO - __main__ -     step 32500 loss 0.0081
11/28/2023 00:10:21 - INFO - __main__ -     step 32600 loss 0.008
11/28/2023 00:11:17 - INFO - __main__ -     step 32700 loss 0.008
11/28/2023 00:12:13 - INFO - __main__ -     step 32800 loss 0.008
11/28/2023 00:13:09 - INFO - __main__ -     step 32900 loss 0.008
11/28/2023 00:14:04 - INFO - __main__ -     step 33000 loss 0.008
11/28/2023 00:15:00 - INFO - __main__ -     step 33100 loss 0.008
11/28/2023 00:15:56 - INFO - __main__ -     step 33200 loss 0.008
11/28/2023 00:16:51 - INFO - __main__ -     step 33300 loss 0.008
11/28/2023 00:17:47 - INFO - __main__ -     step 33400 loss 0.008
11/28/2023 00:18:43 - INFO - __main__ -     step 33500 loss 0.008
11/28/2023 00:19:38 - INFO - __main__ -     step 33600 loss 0.008
11/28/2023 00:20:34 - INFO - __main__ -     step 33700 loss 0.008
11/28/2023 00:21:29 - INFO - __main__ -     step 33800 loss 0.008
11/28/2023 00:22:25 - INFO - __main__ -     step 33900 loss 0.008
11/28/2023 00:23:21 - INFO - __main__ -     step 34000 loss 0.008
11/28/2023 00:24:16 - INFO - __main__ -     step 34100 loss 0.008
11/28/2023 00:25:11 - INFO - __main__ -     step 34200 loss 0.008
11/28/2023 00:26:07 - INFO - __main__ -     step 34300 loss 0.008
11/28/2023 00:27:02 - INFO - __main__ -     step 34400 loss 0.008
11/28/2023 00:27:58 - INFO - __main__ -     step 34500 loss 0.008
11/28/2023 00:28:54 - INFO - __main__ -     step 34600 loss 0.008
11/28/2023 00:29:49 - INFO - __main__ -     step 34700 loss 0.008
11/28/2023 00:30:45 - INFO - __main__ -     step 34800 loss 0.008
11/28/2023 00:31:41 - INFO - __main__ -     step 34900 loss 0.0079
11/28/2023 00:32:37 - INFO - __main__ -     step 35000 loss 0.0079
11/28/2023 00:33:34 - INFO - __main__ -     step 35100 loss 0.0079
11/28/2023 00:34:31 - INFO - __main__ -     step 35200 loss 0.0079
11/28/2023 00:35:27 - INFO - __main__ -     step 35300 loss 0.0079
11/28/2023 00:36:23 - INFO - __main__ -     step 35400 loss 0.0079
11/28/2023 00:37:19 - INFO - __main__ -     step 35500 loss 0.0079
11/28/2023 00:38:15 - INFO - __main__ -     step 35600 loss 0.0079
11/28/2023 00:39:10 - INFO - __main__ -     step 35700 loss 0.0079
11/28/2023 00:40:06 - INFO - __main__ -     step 35800 loss 0.0079
11/28/2023 00:41:01 - INFO - __main__ -     step 35900 loss 0.0079
11/28/2023 00:41:57 - INFO - __main__ -     step 36000 loss 0.0079
11/28/2023 00:42:53 - INFO - __main__ -     step 36100 loss 0.0079
11/28/2023 00:43:48 - INFO - __main__ -     step 36200 loss 0.0079
11/28/2023 00:44:44 - INFO - __main__ -     step 36300 loss 0.0079
11/28/2023 00:45:40 - INFO - __main__ -     step 36400 loss 0.0079
11/28/2023 00:46:35 - INFO - __main__ -     step 36500 loss 0.0079
11/28/2023 00:47:31 - INFO - __main__ -     step 36600 loss 0.0079
11/28/2023 00:48:26 - INFO - __main__ -     step 36700 loss 0.0079
11/28/2023 00:49:22 - INFO - __main__ -     step 36800 loss 0.0079
11/28/2023 00:50:18 - INFO - __main__ -     step 36900 loss 0.0079
11/28/2023 00:51:14 - INFO - __main__ -     step 37000 loss 0.0079
11/28/2023 00:52:09 - INFO - __main__ -     step 37100 loss 0.0079
11/28/2023 00:53:05 - INFO - __main__ -     step 37200 loss 0.0079
11/28/2023 00:54:01 - INFO - __main__ -     step 37300 loss 0.0079
11/28/2023 00:54:57 - INFO - __main__ -     step 37400 loss 0.0079
11/28/2023 00:55:53 - INFO - __main__ -     step 37500 loss 0.0079
11/28/2023 00:56:49 - INFO - __main__ -     step 37600 loss 0.0079
11/28/2023 00:57:44 - INFO - __main__ -     step 37700 loss 0.0079
11/28/2023 00:58:40 - INFO - __main__ -     step 37800 loss 0.0078
11/28/2023 00:59:35 - INFO - __main__ -     step 37900 loss 0.0078
11/28/2023 01:00:31 - INFO - __main__ -     step 38000 loss 0.0078
11/28/2023 01:01:27 - INFO - __main__ -     step 38100 loss 0.0078
11/28/2023 01:02:23 - INFO - __main__ -     step 38200 loss 0.0078
11/28/2023 01:03:19 - INFO - __main__ -     step 38300 loss 0.0078
11/28/2023 01:04:14 - INFO - __main__ -     step 38400 loss 0.0078
11/28/2023 01:05:10 - INFO - __main__ -     step 38500 loss 0.0078
11/28/2023 01:06:06 - INFO - __main__ -     step 38600 loss 0.0078
11/28/2023 01:07:02 - INFO - __main__ -     step 38700 loss 0.0078
11/28/2023 01:07:57 - INFO - __main__ -     step 38800 loss 0.0078
11/28/2023 01:08:53 - INFO - __main__ -     step 38900 loss 0.0078
11/28/2023 01:09:49 - INFO - __main__ -     step 39000 loss 0.0078
11/28/2023 01:10:45 - INFO - __main__ -     step 39100 loss 0.0078
11/28/2023 01:11:41 - INFO - __main__ -     step 39200 loss 0.0078
11/28/2023 01:12:36 - INFO - __main__ -     step 39300 loss 0.0078
11/28/2023 01:13:32 - INFO - __main__ -     step 39400 loss 0.0078
11/28/2023 01:14:28 - INFO - __main__ -     step 39500 loss 0.0078
11/28/2023 01:15:23 - INFO - __main__ -     step 39600 loss 0.0078
11/28/2023 01:16:19 - INFO - __main__ -     step 39700 loss 0.0078
11/28/2023 01:17:15 - INFO - __main__ -     step 39800 loss 0.0078
11/28/2023 01:18:11 - INFO - __main__ -     step 39900 loss 0.0078
11/28/2023 01:19:06 - INFO - __main__ -     step 40000 loss 0.0078
11/28/2023 01:20:02 - INFO - __main__ -     step 40100 loss 0.0078
11/28/2023 01:20:58 - INFO - __main__ -     step 40200 loss 0.0078
11/28/2023 01:21:54 - INFO - __main__ -     step 40300 loss 0.0078
11/28/2023 01:22:50 - INFO - __main__ -     step 40400 loss 0.0078
11/28/2023 01:23:45 - INFO - __main__ -     step 40500 loss 0.0078
11/28/2023 01:24:41 - INFO - __main__ -     step 40600 loss 0.0078
11/28/2023 01:25:38 - INFO - __main__ -     step 40700 loss 0.0078
11/28/2023 01:26:33 - INFO - __main__ -     step 40800 loss 0.0077
11/28/2023 01:27:29 - INFO - __main__ -     step 40900 loss 0.0077
11/28/2023 01:28:25 - INFO - __main__ -     step 41000 loss 0.0077
11/28/2023 01:29:21 - INFO - __main__ -     step 41100 loss 0.0077
11/28/2023 01:30:16 - INFO - __main__ -     step 41200 loss 0.0077
11/28/2023 01:31:12 - INFO - __main__ -     step 41300 loss 0.0077
11/28/2023 01:32:08 - INFO - __main__ -     step 41400 loss 0.0077
11/28/2023 01:33:03 - INFO - __main__ -     step 41500 loss 0.0077
11/28/2023 01:33:59 - INFO - __main__ -     step 41600 loss 0.0077
11/28/2023 01:34:55 - INFO - __main__ -     step 41700 loss 0.0077
11/28/2023 01:35:51 - INFO - __main__ -     step 41800 loss 0.0077
11/28/2023 01:36:47 - INFO - __main__ -     step 41900 loss 0.0077
11/28/2023 01:37:42 - INFO - __main__ -     step 42000 loss 0.0077
11/28/2023 01:38:38 - INFO - __main__ -     step 42100 loss 0.0077
11/28/2023 01:39:33 - INFO - __main__ -     step 42200 loss 0.0077
11/28/2023 01:40:29 - INFO - __main__ -     step 42300 loss 0.0077
11/28/2023 01:41:25 - INFO - __main__ -     step 42400 loss 0.0077
11/28/2023 01:42:20 - INFO - __main__ -     step 42500 loss 0.0077
11/28/2023 01:43:16 - INFO - __main__ -     step 42600 loss 0.0077
11/28/2023 01:44:12 - INFO - __main__ -     step 42700 loss 0.0077
11/28/2023 01:45:07 - INFO - __main__ -     step 42800 loss 0.0077
11/28/2023 01:46:03 - INFO - __main__ -     step 42900 loss 0.0077
11/28/2023 01:46:58 - INFO - __main__ -     step 43000 loss 0.0077
11/28/2023 01:47:54 - INFO - __main__ -     step 43100 loss 0.0077
11/28/2023 01:48:49 - INFO - __main__ -     step 43200 loss 0.0077
11/28/2023 01:49:45 - INFO - __main__ -     step 43300 loss 0.0077
11/28/2023 01:50:41 - INFO - __main__ -     step 43400 loss 0.0077
11/28/2023 01:51:36 - INFO - __main__ -     step 43500 loss 0.0077
11/28/2023 01:52:32 - INFO - __main__ -     step 43600 loss 0.0077
11/28/2023 01:53:27 - INFO - __main__ -     step 43700 loss 0.0077
11/28/2023 01:54:23 - INFO - __main__ -     step 43800 loss 0.0077
11/28/2023 01:55:18 - INFO - __main__ -     step 43900 loss 0.0077
11/28/2023 01:56:14 - INFO - __main__ -     step 44000 loss 0.0077
11/28/2023 01:57:10 - INFO - __main__ -     step 44100 loss 0.0077
11/28/2023 01:58:05 - INFO - __main__ -     step 44200 loss 0.0076
11/28/2023 01:59:01 - INFO - __main__ -     step 44300 loss 0.0076
11/28/2023 01:59:54 - INFO - __main__ -   
***** Running evaluation *****
11/28/2023 01:59:54 - INFO - __main__ -     Num examples = 1000
11/28/2023 01:59:54 - INFO - __main__ -     Batch size = 16
11/28/2023 02:00:06 - INFO - __main__ -     eval_ppl = 1.02493
11/28/2023 02:00:06 - INFO - __main__ -     global_step = 44397
11/28/2023 02:00:06 - INFO - __main__ -     train_loss = 0.0076
11/28/2023 02:00:06 - INFO - __main__ -     ********************
11/28/2023 02:03:33 - INFO - __main__ -     bleu-4 = 55.03 
11/28/2023 02:03:33 - INFO - __main__ -     xMatch = 56.5 
11/28/2023 02:03:33 - INFO - __main__ -     ********************
11/28/2023 02:03:35 - INFO - __main__ -     step 44400 loss 0.0054
11/28/2023 02:04:31 - INFO - __main__ -     step 44500 loss 0.0072
11/28/2023 02:05:26 - INFO - __main__ -     step 44600 loss 0.0072
11/28/2023 02:06:22 - INFO - __main__ -     step 44700 loss 0.0072
11/28/2023 02:07:17 - INFO - __main__ -     step 44800 loss 0.0072
11/28/2023 02:08:13 - INFO - __main__ -     step 44900 loss 0.0072
11/28/2023 02:09:08 - INFO - __main__ -     step 45000 loss 0.0072
11/28/2023 02:10:03 - INFO - __main__ -     step 45100 loss 0.0072
11/28/2023 02:10:59 - INFO - __main__ -     step 45200 loss 0.0072
11/28/2023 02:11:54 - INFO - __main__ -     step 45300 loss 0.0072
11/28/2023 02:12:50 - INFO - __main__ -     step 45400 loss 0.0072
11/28/2023 02:13:45 - INFO - __main__ -     step 45500 loss 0.0072
11/28/2023 02:14:42 - INFO - __main__ -     step 45600 loss 0.0072
11/28/2023 02:15:38 - INFO - __main__ -     step 45700 loss 0.0072
11/28/2023 02:16:34 - INFO - __main__ -     step 45800 loss 0.0072
11/28/2023 02:17:30 - INFO - __main__ -     step 45900 loss 0.0072
11/28/2023 02:18:25 - INFO - __main__ -     step 46000 loss 0.0072
11/28/2023 02:19:21 - INFO - __main__ -     step 46100 loss 0.0072
11/28/2023 02:20:17 - INFO - __main__ -     step 46200 loss 0.0072
11/28/2023 02:21:13 - INFO - __main__ -     step 46300 loss 0.0072
11/28/2023 02:22:09 - INFO - __main__ -     step 46400 loss 0.0072
11/28/2023 02:23:04 - INFO - __main__ -     step 46500 loss 0.0072
11/28/2023 02:24:00 - INFO - __main__ -     step 46600 loss 0.0072
11/28/2023 02:24:55 - INFO - __main__ -     step 46700 loss 0.0072
11/28/2023 02:25:51 - INFO - __main__ -     step 46800 loss 0.0072
11/28/2023 02:26:46 - INFO - __main__ -     step 46900 loss 0.0072
11/28/2023 02:27:41 - INFO - __main__ -     step 47000 loss 0.0072
11/28/2023 02:28:37 - INFO - __main__ -     step 47100 loss 0.0072
11/28/2023 02:29:32 - INFO - __main__ -     step 47200 loss 0.0072
11/28/2023 02:30:28 - INFO - __main__ -     step 47300 loss 0.0072
11/28/2023 02:31:24 - INFO - __main__ -     step 47400 loss 0.0072
11/28/2023 02:32:20 - INFO - __main__ -     step 47500 loss 0.0072
11/28/2023 02:33:16 - INFO - __main__ -     step 47600 loss 0.0072
11/28/2023 02:34:11 - INFO - __main__ -     step 47700 loss 0.0072
11/28/2023 02:35:07 - INFO - __main__ -     step 47800 loss 0.0072
11/28/2023 02:36:02 - INFO - __main__ -     step 47900 loss 0.0072
11/28/2023 02:36:58 - INFO - __main__ -     step 48000 loss 0.0072
11/28/2023 02:37:53 - INFO - __main__ -     step 48100 loss 0.0072
11/28/2023 02:38:48 - INFO - __main__ -     step 48200 loss 0.0071
